# JRE version: Java(TM) SE Runtime Environment 18.9 (11.0.19+9) (build 11.0.19+9-LTS-224)
# Java VM: Java HotSpot(TM) 64-Bit Server VM 18.9 (11.0.19+9-LTS-224, mixed mode, tiered, compressed oops, g1 gc, windows-amd64)
Heap:
 garbage-first heap   total 126976K, used 50176K [0x0000000084000000, 0x0000000100000000)
  region size 1024K, 50 young (51200K), 6 survivors (6144K)
 Metaspace       used 27145K, capacity 27748K, committed 27904K, reserved 1073152K
  class space    used 2997K, capacity 3246K, committed 3328K, reserved 1048576K
GC Heap History (6 events):
Event: 2.914 GC heap before
{Heap before GC invocations=0 (full 0):
 garbage-first heap   total 126976K, used 23552K [0x0000000084000000, 0x0000000100000000)
  region size 1024K, 24 young (24576K), 0 survivors (0K)
 Metaspace       used 9750K, capacity 9899K, committed 9984K, reserved 1058816K
  class space    used 921K, capacity 985K, committed 1024K, reserved 1048576K
}
Event: 3.008 GC heap after
{Heap after GC invocations=1 (full 0):
 garbage-first heap   total 126976K, used 2493K [0x0000000084000000, 0x0000000100000000)
  region size 1024K, 3 young (3072K), 3 survivors (3072K)
 Metaspace       used 9750K, capacity 9899K, committed 9984K, reserved 1058816K
  class space    used 921K, capacity 985K, committed 1024K, reserved 1048576K
}
Event: 6.282 GC heap before
{Heap before GC invocations=1 (full 0):
 garbage-first heap   total 126976K, used 75197K [0x0000000084000000, 0x0000000100000000)
  region size 1024K, 74 young (75776K), 3 survivors (3072K)
 Metaspace       used 17861K, capacity 18362K, committed 18560K, reserved 1064960K
  class space    used 1913K, capacity 2093K, committed 2176K, reserved 1048576K
}
Event: 6.468 GC heap after
{Heap after GC invocations=2 (full 0):
 garbage-first heap   total 126976K, used 5016K [0x0000000084000000, 0x0000000100000000)
  region size 1024K, 5 young (5120K), 5 survivors (5120K)
 Metaspace       used 17861K, capacity 18362K, committed 18560K, reserved 1064960K
  class space    used 1913K, capacity 2093K, committed 2176K, reserved 1048576K
}
Event: 7.840 GC heap before
{Heap before GC invocations=2 (full 0):
 garbage-first heap   total 126976K, used 39832K [0x0000000084000000, 0x0000000100000000)
  region size 1024K, 40 young (40960K), 5 survivors (5120K)
 Metaspace       used 20521K, capacity 21128K, committed 21248K, reserved 1069056K
  class space    used 2235K, capacity 2476K, committed 2560K, reserved 1048576K
}
Event: 7.852 GC heap after
{Heap after GC invocations=3 (full 0):
 garbage-first heap   total 126976K, used 6144K [0x0000000084000000, 0x0000000100000000)
  region size 1024K, 6 young (6144K), 6 survivors (6144K)
 Metaspace       used 20521K, capacity 21128K, committed 21248K, reserved 1069056K
  class space    used 2235K, capacity 2476K, committed 2560K, reserved 1048576K
}

